TN:
SF:/Users/leannelacey-byrne/Sites/Angular/my_projects/leannewebsite/src/polyfills.ts
FNF:0
FNH:0
LF:0
LH:0
BRF:0
BRH:0
end_of_record
TN:
SF:/Users/leannelacey-byrne/Sites/Angular/my_projects/leannewebsite/src/test.ts
FNF:0
FNH:0
DA:13,1
DA:18,1
DA:20,1
LF:3
LH:3
BRF:0
BRH:0
end_of_record
TN:
SF:/Users/leannelacey-byrne/Sites/Angular/my_projects/leannewebsite/src/app/app.component.ts
FN:4,AppComponent
FNF:1
FNH:1
FNDA:3,AppComponent
DA:10,1
DA:11,3
DA:14,1
LF:3
LH:3
BRF:0
BRH:0
end_of_record
TN:
SF:/Users/leannelacey-byrne/Sites/Angular/my_projects/leannewebsite/src/app/components/books/books.component.ts
FN:12,BooksComponent
FN:18,(anonymous_4)
FN:19,(anonymous_5)
FN:27,(anonymous_6)
FNF:4
FNH:0
FNDA:0,BooksComponent
FNDA:0,(anonymous_4)
FNDA:0,(anonymous_5)
FNDA:0,(anonymous_6)
DA:10,1
DA:13,0
DA:14,0
DA:18,1
DA:19,0
DA:20,0
DA:21,0
DA:23,0
DA:26,0
DA:27,0
DA:30,1
LF:11
LH:3
BRDA:20,0,0,0
BRDA:20,0,1,0
BRF:2
BRH:0
end_of_record
TN:
SF:/Users/leannelacey-byrne/Sites/Angular/my_projects/leannewebsite/src/app/components/contact/contact.component.ts
FN:23,ContactComponent
FN:25,(anonymous_4)
FN:39,(anonymous_5)
FN:47,(anonymous_6)
FN:53,(anonymous_7)
FN:57,(anonymous_8)
FNF:6
FNH:0
FNDA:0,ContactComponent
FNDA:0,(anonymous_4)
FNDA:0,(anonymous_5)
FNDA:0,(anonymous_6)
FNDA:0,(anonymous_7)
FNDA:0,(anonymous_8)
DA:11,1
DA:13,0
DA:17,0
DA:18,0
DA:23,0
DA:25,1
DA:26,0
DA:29,0
DA:34,0
DA:39,1
DA:40,0
DA:41,0
DA:46,0
DA:48,0
DA:49,0
DA:54,0
DA:55,0
DA:56,0
DA:58,0
DA:59,0
DA:65,1
LF:21
LH:4
BRF:0
BRH:0
end_of_record
TN:
SF:/Users/leannelacey-byrne/Sites/Angular/my_projects/leannewebsite/src/app/components/portfolio/portfolio.component.ts
FN:10,PortfolioComponent
FN:12,(anonymous_4)
FNF:2
FNH:2
FNDA:1,PortfolioComponent
FNDA:1,(anonymous_4)
DA:8,1
DA:12,1
DA:15,1
LF:3
LH:3
BRF:0
BRH:0
end_of_record
TN:
SF:/Users/leannelacey-byrne/Sites/Angular/my_projects/leannewebsite/src/app/services/code.service.ts
FN:1,(anonymous_0)
FN:9,(anonymous_2)
FN:13,(anonymous_3)
FN:14,(anonymous_4)
FNF:4
FNH:1
FNDA:1,(anonymous_0)
FNDA:0,(anonymous_2)
FNDA:0,(anonymous_3)
FNDA:0,(anonymous_4)
DA:1,1
DA:3,0
DA:9,1
DA:10,0
DA:13,1
DA:14,0
DA:16,1
LF:7
LH:4
BRF:0
BRH:0
end_of_record
TN:
SF:/Users/leannelacey-byrne/Sites/Angular/my_projects/leannewebsite/src/app/shared/http.service.ts
FN:9,HttpService
FN:11,(anonymous_4)
FN:15,(anonymous_5)
FN:19,(anonymous_6)
FNF:4
FNH:0
FNDA:0,HttpService
FNDA:0,(anonymous_4)
FNDA:0,(anonymous_5)
FNDA:0,(anonymous_6)
DA:7,1
DA:8,0
DA:9,0
DA:11,1
DA:12,0
DA:15,1
DA:16,0
DA:19,1
DA:20,0
DA:22,1
LF:10
LH:5
BRF:0
BRH:0
end_of_record
